<?xml version="1.0" encoding="UTF-8" standalone="yes" ?>
<test-results name="C:\Users\chris\OneDrive\Área de Trabalho\Projeto Fortes\bin\Test\Win32\Debug\ProjetoFortesTests.exe" total="4" errors="4" failures="0" ignored="0" inconclusive="0" not-run="0" skipped="0" invalid="0" date="2024-06-10" time="0.009">
  <culture-info current-culture="en" current-uiculture="en" />
  <test-suite type="Assembly" name="ProjetoFortesTests.exe" executed="true" result="Failure" success="False" time="0.009" asserts="0">
    <results>
        <test-suite type="Namespace" name="TestCalculoModelAbastecimento" executed="true" result="Success" success="True" time="0.009" asserts="0" >
          <results>
              <test-suite type="Fixture" name="TMyTestObject" executed="True" result="Success" success="True" time="0.009" >
                <results>
                  <test-case name="ConferirValorImposto.TestA" executed="True" result="Error" success="False" time="0.000" asserts="0" >
                    <failure>
                      <message>
                        <![CDATA[ [FireDAC][Phys][SQLite] ERROR: unable to open database file ]]>
                      </message>
                      <stack-trace>
                        <![CDATA[  ]]>
                      </stack-trace>
                    </failure>
                  </test-case>
                  <test-case name="ConferirQuantidadeLitrosAbastecidos.TestA" executed="True" result="Error" success="False" time="0.000" asserts="0" >
                    <failure>
                      <message>
                        <![CDATA[ [FireDAC][Phys][SQLite] ERROR: unable to open database file ]]>
                      </message>
                      <stack-trace>
                        <![CDATA[  ]]>
                      </stack-trace>
                    </failure>
                  </test-case>
                  <test-case name="ConferirValorSubtotal.TestA" executed="True" result="Error" success="False" time="0.000" asserts="0" >
                    <failure>
                      <message>
                        <![CDATA[ [FireDAC][Phys][SQLite] ERROR: unable to open database file ]]>
                      </message>
                      <stack-trace>
                        <![CDATA[  ]]>
                      </stack-trace>
                    </failure>
                  </test-case>
                  <test-case name="ConferirValortotal.TestA" executed="True" result="Error" success="False" time="0.000" asserts="0" >
                    <failure>
                      <message>
                        <![CDATA[ [FireDAC][Phys][SQLite] ERROR: unable to open database file ]]>
                      </message>
                      <stack-trace>
                        <![CDATA[  ]]>
                      </stack-trace>
                    </failure>
                  </test-case>
                </results>
              </test-suite>
          </results>
        </test-suite>
    </results>
  </test-suite>
</test-results>
